---------- Date: 2014-10-22 18:34:32 ~ IP : 127.0.0.1 ----------
REQUEST URI : /
MOD DETAILS:
   modFile   : /srv/httpd/case3d.com.br/public/vqmod/xml/Felipo-Imagen-Pagamento-Entrega.xml
   id        : Code Market - Imagem Pagamento e Entrega no Checkout
   version   : 1.0.1
   vqmver    : 2.3.2
   author    : Felipo Antonoff Araújo
VQModObject::parseMods - Could not resolve path for [catalog/model/payment/pagamento_digital.php] (SKIPPED)
VQModObject::parseMods - Could not resolve path for [catalog/model/payment/akatus.php] (SKIPPED)
VQModObject::parseMods - Could not resolve path for [catalog/model/payment/gerencianet.php] (SKIPPED)

----------------------------------------------------------------------


---------- Date: 2014-10-22 19:20:01 ~ IP : 127.0.0.1 ----------
REQUEST URI : /
MOD DETAILS:
   modFile   : /Users/fernandomendes/github/case3d/public/vqmod/xml/Felipo-Imagen-Pagamento-Entrega.xml
   id        : Code Market - Imagem Pagamento e Entrega no Checkout
   version   : 1.0.1
   vqmver    : 2.3.2
   author    : Felipo Antonoff Araújo
VQModObject::parseMods - Could not resolve path for [catalog/model/payment/pagamento_digital.php] (SKIPPED)
VQModObject::parseMods - Could not resolve path for [catalog/model/payment/akatus.php] (SKIPPED)
VQModObject::parseMods - Could not resolve path for [catalog/model/payment/gerencianet.php] (SKIPPED)

----------------------------------------------------------------------


